{"level":"info","message":"Inicio de Registro Usuario","timestamp":"2018-05-09T23:08:44.533Z"}
{"level":"info","message":"Se listaron los Usuario","timestamp":"2018-05-09T23:24:25.410Z"}
{"level":"info","message":"Se actualizo el Usuario con id: 34","timestamp":"2018-05-09T23:25:07.557Z"}
{"level":"info","message":"Se listaron los Usuario","timestamp":"2018-05-09T23:25:07.768Z"}
{"level":"info","message":"Se elimino el Usuario con id: 42","timestamp":"2018-05-09T23:25:32.691Z"}
{"level":"info","message":"Se listaron los Usuario","timestamp":"2018-05-09T23:25:32.693Z"}
{"level":"info","message":"Se elimino el Usuario con id: 43","timestamp":"2018-05-09T23:25:39.817Z"}
{"level":"info","message":"Se listaron los Usuario","timestamp":"2018-05-09T23:25:39.824Z"}
{"level":"info","message":"Se elimino el Usuario con id: 44","timestamp":"2018-05-09T23:25:45.446Z"}
{"level":"info","message":"Se listaron los Usuario","timestamp":"2018-05-09T23:25:45.449Z"}
{"level":"info","message":"Se listaron los Usuario","timestamp":"2018-05-09T23:26:07.213Z"}
{"level":"info","message":"Se Registro un nuevo Usuario","timestamp":"2018-05-09T23:26:29.048Z"}
{"level":"info","message":"Se Registro un nuevo Usuario con id: undefined","timestamp":"2018-05-09T23:28:19.552Z"}
{"level":"info","message":"Se Registro un nuevo Usuario con id: 52","timestamp":"2018-05-09T23:30:43.298Z"}
{"level":"info","message":"Se listaron los Usuario","timestamp":"2018-05-09T23:31:04.663Z"}
{"level":"info","message":"Se elimino el Usuario con id: 51","timestamp":"2018-05-09T23:31:14.874Z"}
{"level":"info","message":"Se listaron los Usuario","timestamp":"2018-05-09T23:31:14.882Z"}
{"level":"info","message":"Se elimino el Usuario con id: 52","timestamp":"2018-05-09T23:31:18.219Z"}
{"level":"info","message":"Se listaron los Usuario","timestamp":"2018-05-09T23:31:18.226Z"}
{"level":"info","message":"Se listaron los Usuario","timestamp":"2018-05-09T23:32:10.160Z"}
{"level":"info","message":"Se Registro un nuevo Usuario con id: 53","timestamp":"2018-05-09T23:32:40.311Z"}
{"level":"info","message":"Se logueo el  Usuario con id: 41","timestamp":"2018-05-09T23:33:40.354Z"}
{"level":"info","message":"Se listaron los Usuario","timestamp":"2018-05-09T23:33:57.365Z"}
{"level":"info","message":"Se elimino el Usuario con id: 1","timestamp":"2018-05-09T23:34:01.590Z"}
{"level":"info","message":"Se listaron los Usuario","timestamp":"2018-05-09T23:34:01.596Z"}
{"level":"info","message":"Se actualizo el Usuario con id: 3","timestamp":"2018-05-09T23:34:19.603Z"}
{"level":"info","message":"Se listaron los Usuario","timestamp":"2018-05-09T23:34:19.783Z"}
{"level":"info","message":"Se actualizo el Usuario con id: 4","timestamp":"2018-05-09T23:35:28.611Z"}
{"level":"info","message":"Se listaron los Usuario","timestamp":"2018-05-09T23:35:28.806Z"}
{"level":"info","message":"Se listaron los Usuario","timestamp":"2018-05-10T04:21:44.959Z"}
{"level":"info","message":"Se elimino el Usuario con id: 5","timestamp":"2018-05-10T04:24:59.878Z"}
{"level":"info","message":"Se listaron los Usuario","timestamp":"2018-05-10T04:24:59.898Z"}
{"level":"info","message":"Se listaron los Usuario","timestamp":"2018-05-10T04:26:06.348Z"}
{"level":"info","message":"Se elimino el Usuario con id: 55","timestamp":"2018-05-10T04:26:12.731Z"}
{"level":"info","message":"Se listaron los Usuario","timestamp":"2018-05-10T04:26:12.739Z"}
{"level":"info","message":"Se elimino el Usuario con id: 48","timestamp":"2018-05-10T04:37:05.670Z"}
{"level":"info","message":"Se listaron los Usuario","timestamp":"2018-05-10T04:37:05.678Z"}
{"level":"info","message":"Se elimino el Usuario con id: 8","timestamp":"2018-05-10T04:39:59.913Z"}
{"level":"info","message":"Se listaron los Usuario","timestamp":"2018-05-10T04:39:59.920Z"}
{"level":"info","message":"Se listaron los Usuario","timestamp":"2018-05-10T04:39:59.921Z"}
{"level":"info","message":"Se listaron los Usuario","timestamp":"2018-05-10T04:39:59.923Z"}
{"level":"info","message":"Se listaron los Usuario","timestamp":"2018-05-10T04:39:59.924Z"}
{"level":"info","message":"Se elimino el Usuario con id: 8","timestamp":"2018-05-10T04:40:00.250Z"}
{"level":"info","message":"Se listaron los Usuario","timestamp":"2018-05-10T04:40:26.304Z"}
{"level":"info","message":"Se elimino el Usuario con id: 47","timestamp":"2018-05-10T04:40:45.667Z"}
{"level":"info","message":"Se listaron los Usuario","timestamp":"2018-05-10T04:40:45.672Z"}
{"level":"info","message":"Se listaron los Usuario","timestamp":"2018-05-10T04:47:13.920Z"}
{"level":"info","message":"Se listaron los Usuario","timestamp":"2018-05-10T04:47:23.213Z"}
{"level":"info","message":"Se elimino el Usuario con id: 3","timestamp":"2018-05-10T04:47:27.770Z"}
{"level":"info","message":"Se listaron los Usuario","timestamp":"2018-05-10T04:47:27.772Z"}
{"level":"info","message":"Se listaron los Usuario","timestamp":"2018-05-10T18:38:46.963Z"}
{"level":"info","message":"Se elimino el Usuario con id: 49","timestamp":"2018-05-10T18:39:00.923Z"}
{"level":"info","message":"Se listaron los Usuario","timestamp":"2018-05-10T18:39:00.926Z"}
{"level":"info","message":"Se listaron los Usuario","timestamp":"2018-05-10T18:41:07.202Z"}
{"level":"info","message":"Se elimino el Usuario con id: 25","timestamp":"2018-05-10T18:46:20.846Z"}
{"level":"info","message":"Se listaron los Usuario","timestamp":"2018-05-10T18:46:20.854Z"}
{"level":"info","message":"Se listaron los Usuario","timestamp":"2018-05-10T18:46:32.389Z"}
{"level":"info","message":"Se listaron los Usuario","timestamp":"2018-05-10T18:46:37.292Z"}
{"level":"info","message":"Se listaron los Usuario","timestamp":"2018-05-10T18:46:58.775Z"}
{"level":"info","message":"Se elimino el Usuario con id: 24","timestamp":"2018-05-10T18:47:12.909Z"}
{"level":"info","message":"Se listaron los Usuario","timestamp":"2018-05-10T18:47:12.913Z"}
{"level":"info","message":"Se listaron los Usuario","timestamp":"2018-05-10T18:53:21.944Z"}
{"level":"info","message":"Se listaron los Usuario","timestamp":"2018-05-10T18:53:36.369Z"}
{"level":"info","message":"Se listaron los Usuario","timestamp":"2018-05-10T18:53:47.249Z"}
{"level":"info","message":"Se elimino el Usuario con id: 26","timestamp":"2018-05-10T18:53:51.387Z"}
{"level":"info","message":"Se listaron los Usuario","timestamp":"2018-05-10T18:53:51.391Z"}
{"level":"info","message":"Se elimino el Usuario con id: 39","timestamp":"2018-05-10T19:10:03.350Z"}
{"level":"info","message":"Se listaron los Usuario","timestamp":"2018-05-10T19:10:03.354Z"}
{"level":"info","message":"Se elimino el Usuario con id: 56","timestamp":"2018-05-10T19:11:00.909Z"}
{"level":"info","message":"Se listaron los Usuario","timestamp":"2018-05-10T19:11:00.917Z"}
{"level":"info","message":"Se listaron los Usuario","timestamp":"2018-05-10T20:11:50.382Z"}
{"level":"info","message":"Se elimino el Usuario con id: 45","timestamp":"2018-05-10T20:15:44.173Z"}
{"level":"info","message":"Se listaron los Usuario","timestamp":"2018-05-10T20:15:44.178Z"}
{"level":"info","message":"Se elimino el Usuario con id: 46","timestamp":"2018-05-10T20:20:55.888Z"}
{"level":"info","message":"Se listaron los Usuario","timestamp":"2018-05-10T20:20:55.899Z"}
{"level":"info","message":"Se Registro un nuevo Usuario con id: 58","timestamp":"2018-05-11T00:26:34.719Z"}
{"level":"info","message":"Se listaron los Usuario","timestamp":"2018-05-11T00:26:53.901Z"}
{"level":"info","message":"Se actualizo el Usuario con id: 4","timestamp":"2018-05-11T00:27:12.890Z"}
{"level":"info","message":"Se listaron los Usuario","timestamp":"2018-05-11T00:27:13.103Z"}
{"level":"info","message":"Se listaron los Usuario","timestamp":"2018-05-11T00:28:59.148Z"}
